<?xml version="1.0" encoding="UTF-8"?>
<testsuite name="com.accenture.lkm.test.EmployeeServiceTest" time="0.362" tests="3" errors="0" skipped="0" failures="0">
  <properties>
    <property name="java.runtime.name" value="Java(TM) SE Runtime Environment"/>
    <property name="sun.boot.library.path" value="C:\Program Files\Java\jdk1.8.0_241\jre\bin"/>
    <property name="java.vm.version" value="25.241-b07"/>
    <property name="java.vm.vendor" value="Oracle Corporation"/>
    <property name="maven.multiModuleProjectDirectory" value="C:\Users\indugu.hari.prasad\Documents\ACC_Material\lateral_Materials\SpringBoot\Day2\Day2\Demos\Day2 Demos\Demo10032_Spring_Boot_Spring_JPA_Repository_Service_Test"/>
    <property name="java.vendor.url" value="http://java.oracle.com/"/>
    <property name="path.separator" value=";"/>
    <property name="guice.disable.misplaced.annotation.check" value="true"/>
    <property name="java.vm.name" value="Java HotSpot(TM) 64-Bit Server VM"/>
    <property name="file.encoding.pkg" value="sun.io"/>
    <property name="user.script" value=""/>
    <property name="user.country" value="US"/>
    <property name="sun.java.launcher" value="SUN_STANDARD"/>
    <property name="sun.os.patch.level" value=""/>
    <property name="java.vm.specification.name" value="Java Virtual Machine Specification"/>
    <property name="user.dir" value="C:\Users\indugu.hari.prasad\Documents\ACC_Material\lateral_Materials\SpringBoot\Day2\Day2\Demos\Day2 Demos\Demo10032_Spring_Boot_Spring_JPA_Repository_Service_Test"/>
    <property name="java.runtime.version" value="1.8.0_241-b07"/>
    <property name="java.awt.graphicsenv" value="sun.awt.Win32GraphicsEnvironment"/>
    <property name="java.endorsed.dirs" value="C:\Program Files\Java\jdk1.8.0_241\jre\lib\endorsed"/>
    <property name="os.arch" value="amd64"/>
    <property name="java.io.tmpdir" value="C:\Users\INDUGU~1.PRA\AppData\Local\Temp\"/>
    <property name="line.separator" value="&#10;"/>
    <property name="java.vm.specification.vendor" value="Oracle Corporation"/>
    <property name="user.variant" value=""/>
    <property name="os.name" value="Windows 10"/>
    <property name="classworlds.conf" value="C:\Users\indugu.hari.prasad\Documents\MyDeliveries\Lateral19-20\SpringBoot\07-Jul-2020\STS\.metadata\.plugins\org.eclipse.m2e.launching\launches\m2conf2433546035375587379.tmp"/>
    <property name="jansi.force" value="true"/>
    <property name="sun.jnu.encoding" value="Cp1252"/>
    <property name="java.library.path" value="C:\Program Files\Java\jdk1.8.0_241\bin;C:\WINDOWS\Sun\Java\bin;C:\WINDOWS\system32;C:\WINDOWS;C:/Program Files/Java/jdk1.8.0_241/bin/../jre/bin/server;C:/Program Files/Java/jdk1.8.0_241/bin/../jre/bin;C:/Program Files/Java/jdk1.8.0_241/bin/../jre/lib/amd64;C:\Program Files\Java\jdk1.8.0_241\bin;C:\Program Files (x86)\Common Files\Oracle\Java\javapath;C:\Program Files\MySQL\MySQL Server 5.5\bin;C:\WINDOWS\system32;C:\WINDOWS;C:\WINDOWS\System32\Wbem;C:\WINDOWS\System32\WindowsPowerShell\v1.0\;C:\WINDOWS\System32\OpenSSH\;C:\Program Files\Intel\WiFi\bin\;C:\Program Files\Common Files\Intel\WirelessCommon\;C:\Program Files\nodejs\;C:\Program Files\Notepad++;C:\Program Files\Microsoft SQL Server\130\Tools\Binn\;C:\Program Files\dotnet\;C:\Users\indugu.hari.prasad\AppData\Roaming\Cloud Foundry;C:\Program Files\Cloud Foundry;C:\Users\indugu.hari.prasad\AppData\Local\Programs\Python\Python37\Scripts\;C:\Users\indugu.hari.prasad\AppData\Local\Programs\Python\Python37\;C:\Users\indugu.hari.prasad\AppData\Local\Microsoft\WindowsApps;C:\apache-maven-3.6.0-bin\apache-maven-3.6.0\bin;C:\Users\indugu.hari.prasad\AppData\Roaming\npm;C:\gradle-5.5-all\gradle-5.5\bin;C:\Program Files\Git\bin;C:\micronaut-1.3.3\bin;;C:\spring-tool-suite-3.9.11.RELEASE-e4.14.0-win32-x86_64\sts-bundle\sts-3.9.11.RELEASE;;."/>
    <property name="jansi.passthrough" value="true"/>
    <property name="java.specification.name" value="Java Platform API Specification"/>
    <property name="java.class.version" value="52.0"/>
    <property name="sun.management.compiler" value="HotSpot 64-Bit Tiered Compilers"/>
    <property name="os.version" value="10.0"/>
    <property name="user.home" value="C:\Users\indugu.hari.prasad"/>
    <property name="user.timezone" value="Asia/Calcutta"/>
    <property name="java.awt.printerjob" value="sun.awt.windows.WPrinterJob"/>
    <property name="java.specification.version" value="1.8"/>
    <property name="file.encoding" value="Cp1252"/>
    <property name="user.name" value="indugu.hari.prasad"/>
    <property name="java.class.path" value="C:\spring-tool-suite-3.9.11.RELEASE-e4.14.0-win32-x86_64\sts-bundle\sts-3.9.11.RELEASE\plugins\org.eclipse.m2e.maven.runtime_1.13.0.20190716-1623\jars\plexus-classworlds-2.6.0.jar"/>
    <property name="java.vm.specification.version" value="1.8"/>
    <property name="sun.arch.data.model" value="64"/>
    <property name="java.home" value="C:\Program Files\Java\jdk1.8.0_241\jre"/>
    <property name="sun.java.command" value="org.codehaus.plexus.classworlds.launcher.Launcher -B clean test -Dstyle.color=always"/>
    <property name="java.specification.vendor" value="Oracle Corporation"/>
    <property name="user.language" value="en"/>
    <property name="awt.toolkit" value="sun.awt.windows.WToolkit"/>
    <property name="java.vm.info" value="mixed mode"/>
    <property name="java.version" value="1.8.0_241"/>
    <property name="java.ext.dirs" value="C:\Program Files\Java\jdk1.8.0_241\jre\lib\ext;C:\WINDOWS\Sun\Java\lib\ext"/>
    <property name="sun.boot.class.path" value="C:\Program Files\Java\jdk1.8.0_241\jre\lib\resources.jar;C:\Program Files\Java\jdk1.8.0_241\jre\lib\rt.jar;C:\Program Files\Java\jdk1.8.0_241\jre\lib\sunrsasign.jar;C:\Program Files\Java\jdk1.8.0_241\jre\lib\jsse.jar;C:\Program Files\Java\jdk1.8.0_241\jre\lib\jce.jar;C:\Program Files\Java\jdk1.8.0_241\jre\lib\charsets.jar;C:\Program Files\Java\jdk1.8.0_241\jre\lib\jfr.jar;C:\Program Files\Java\jdk1.8.0_241\jre\classes"/>
    <property name="java.vendor" value="Oracle Corporation"/>
    <property name="maven.home" value="C:\Users\indugu.hari.prasad\Documents\ACC_Material\lateral_Materials\SpringBoot\Day2\Day2\Demos\Day2 Demos\Demo10032_Spring_Boot_Spring_JPA_Repository_Service_Test\EMBEDDED"/>
    <property name="style.color" value="always"/>
    <property name="file.separator" value="\"/>
    <property name="java.vendor.url.bug" value="http://bugreport.sun.com/bugreport/"/>
    <property name="sun.cpu.endian" value="little"/>
    <property name="sun.io.unicode.encoding" value="UnicodeLittle"/>
    <property name="sun.desktop" value="windows"/>
    <property name="sun.cpu.isalist" value="amd64"/>
  </properties>
  <testcase name="testUpdateInvalid" classname="com.accenture.lkm.test.EmployeeServiceTest" time="0.124"/>
  <testcase name="testFindAll" classname="com.accenture.lkm.test.EmployeeServiceTest" time="0.229"/>
  <testcase name="testDeleteInvalid" classname="com.accenture.lkm.test.EmployeeServiceTest" time="0.009"/>
</testsuite>